<?xml version="1.0" encoding="UTF-8"?>
<testsuite xmlns:xsi="http://www.w3.org/2001/XMLSchema-instance" xsi:noNamespaceSchemaLocation="https://maven.apache.org/surefire/maven-surefire-plugin/xsd/surefire-test-report-3.0.xsd" version="3.0" name="TestLauncher.TestRunner" time="60.824" tests="1" errors="0" skipped="0" failures="0">
  <properties>
    <property name="java.specification.version" value="17"/>
    <property name="webdriver.chrome.driver" value="D:\Project\EJADA_FARHAN/src/test/resources/Driver/chromedriver.exe"/>
    <property name="sun.cpu.isalist" value="amd64"/>
    <property name="sun.jnu.encoding" value="Cp1252"/>
    <property name="java.class.path" value="D:\Project\EJADA_FARHAN\target\test-classes;D:\Project\EJADA_FARHAN\target\classes;D:\Project\Maven\com\google\guava\guava\31.1-jre\guava-31.1-jre.jar;D:\Project\Maven\com\google\guava\failureaccess\1.0.1\failureaccess-1.0.1.jar;D:\Project\Maven\com\google\guava\listenablefuture\9999.0-empty-to-avoid-conflict-with-guava\listenablefuture-9999.0-empty-to-avoid-conflict-with-guava.jar;D:\Project\Maven\com\google\code\findbugs\jsr305\3.0.2\jsr305-3.0.2.jar;D:\Project\Maven\org\checkerframework\checker-qual\3.12.0\checker-qual-3.12.0.jar;D:\Project\Maven\com\google\errorprone\error_prone_annotations\2.11.0\error_prone_annotations-2.11.0.jar;D:\Project\Maven\com\google\j2objc\j2objc-annotations\1.3\j2objc-annotations-1.3.jar;D:\Project\Maven\org\junit\jupiter\junit-jupiter-api\5.9.2\junit-jupiter-api-5.9.2.jar;D:\Project\Maven\org\opentest4j\opentest4j\1.2.0\opentest4j-1.2.0.jar;D:\Project\Maven\org\junit\platform\junit-platform-commons\1.9.2\junit-platform-commons-1.9.2.jar;D:\Project\Maven\org\apiguardian\apiguardian-api\1.1.2\apiguardian-api-1.1.2.jar;D:\Project\Maven\org\seleniumhq\selenium\selenium-java\4.8.3\selenium-java-4.8.3.jar;D:\Project\Maven\org\seleniumhq\selenium\selenium-api\4.8.3\selenium-api-4.8.3.jar;D:\Project\Maven\org\seleniumhq\selenium\selenium-chrome-driver\4.8.3\selenium-chrome-driver-4.8.3.jar;D:\Project\Maven\com\google\auto\service\auto-service-annotations\1.0.1\auto-service-annotations-1.0.1.jar;D:\Project\Maven\com\google\auto\service\auto-service\1.0.1\auto-service-1.0.1.jar;D:\Project\Maven\com\google\auto\auto-common\1.2\auto-common-1.2.jar;D:\Project\Maven\org\seleniumhq\selenium\selenium-chromium-driver\4.8.3\selenium-chromium-driver-4.8.3.jar;D:\Project\Maven\org\seleniumhq\selenium\selenium-json\4.8.3\selenium-json-4.8.3.jar;D:\Project\Maven\org\seleniumhq\selenium\selenium-manager\4.8.3\selenium-manager-4.8.3.jar;D:\Project\Maven\org\seleniumhq\selenium\selenium-devtools-v109\4.8.3\selenium-devtools-v109-4.8.3.jar;D:\Project\Maven\org\seleniumhq\selenium\selenium-devtools-v110\4.8.3\selenium-devtools-v110-4.8.3.jar;D:\Project\Maven\org\seleniumhq\selenium\selenium-devtools-v111\4.8.3\selenium-devtools-v111-4.8.3.jar;D:\Project\Maven\org\seleniumhq\selenium\selenium-devtools-v85\4.8.3\selenium-devtools-v85-4.8.3.jar;D:\Project\Maven\org\seleniumhq\selenium\selenium-edge-driver\4.8.3\selenium-edge-driver-4.8.3.jar;D:\Project\Maven\org\seleniumhq\selenium\selenium-firefox-driver\4.8.3\selenium-firefox-driver-4.8.3.jar;D:\Project\Maven\org\seleniumhq\selenium\selenium-http\4.8.3\selenium-http-4.8.3.jar;D:\Project\Maven\dev\failsafe\failsafe\3.3.1\failsafe-3.3.1.jar;D:\Project\Maven\org\seleniumhq\selenium\selenium-ie-driver\4.8.3\selenium-ie-driver-4.8.3.jar;D:\Project\Maven\org\seleniumhq\selenium\selenium-remote-driver\4.8.3\selenium-remote-driver-4.8.3.jar;D:\Project\Maven\io\netty\netty-buffer\4.1.90.Final\netty-buffer-4.1.90.Final.jar;D:\Project\Maven\io\netty\netty-codec-http\4.1.90.Final\netty-codec-http-4.1.90.Final.jar;D:\Project\Maven\io\netty\netty-codec\4.1.90.Final\netty-codec-4.1.90.Final.jar;D:\Project\Maven\io\netty\netty-handler\4.1.90.Final\netty-handler-4.1.90.Final.jar;D:\Project\Maven\io\netty\netty-common\4.1.90.Final\netty-common-4.1.90.Final.jar;D:\Project\Maven\io\netty\netty-transport-classes-epoll\4.1.90.Final\netty-transport-classes-epoll-4.1.90.Final.jar;D:\Project\Maven\io\netty\netty-transport-classes-kqueue\4.1.90.Final\netty-transport-classes-kqueue-4.1.90.Final.jar;D:\Project\Maven\io\netty\netty-transport-native-epoll\4.1.90.Final\netty-transport-native-epoll-4.1.90.Final.jar;D:\Project\Maven\io\netty\netty-transport-native-kqueue\4.1.90.Final\netty-transport-native-kqueue-4.1.90.Final.jar;D:\Project\Maven\io\netty\netty-transport-native-unix-common\4.1.90.Final\netty-transport-native-unix-common-4.1.90.Final.jar;D:\Project\Maven\io\netty\netty-transport\4.1.90.Final\netty-transport-4.1.90.Final.jar;D:\Project\Maven\io\netty\netty-resolver\4.1.90.Final\netty-resolver-4.1.90.Final.jar;D:\Project\Maven\io\opentelemetry\opentelemetry-api\1.24.0\opentelemetry-api-1.24.0.jar;D:\Project\Maven\io\opentelemetry\opentelemetry-context\1.24.0\opentelemetry-context-1.24.0.jar;D:\Project\Maven\io\opentelemetry\opentelemetry-exporter-logging\1.24.0\opentelemetry-exporter-logging-1.24.0.jar;D:\Project\Maven\io\opentelemetry\opentelemetry-sdk-metrics\1.24.0\opentelemetry-sdk-metrics-1.24.0.jar;D:\Project\Maven\io\opentelemetry\opentelemetry-sdk-logs\1.24.0-alpha\opentelemetry-sdk-logs-1.24.0-alpha.jar;D:\Project\Maven\io\opentelemetry\opentelemetry-api-logs\1.24.0-alpha\opentelemetry-api-logs-1.24.0-alpha.jar;D:\Project\Maven\io\opentelemetry\opentelemetry-api-events\1.24.0-alpha\opentelemetry-api-events-1.24.0-alpha.jar;D:\Project\Maven\io\opentelemetry\opentelemetry-sdk-common\1.24.0\opentelemetry-sdk-common-1.24.0.jar;D:\Project\Maven\io\opentelemetry\opentelemetry-sdk-extension-autoconfigure-spi\1.24.0\opentelemetry-sdk-extension-autoconfigure-spi-1.24.0.jar;D:\Project\Maven\io\opentelemetry\opentelemetry-sdk-extension-autoconfigure\1.24.0-alpha\opentelemetry-sdk-extension-autoconfigure-1.24.0-alpha.jar;D:\Project\Maven\io\opentelemetry\opentelemetry-sdk-trace\1.24.0\opentelemetry-sdk-trace-1.24.0.jar;D:\Project\Maven\io\opentelemetry\opentelemetry-sdk\1.24.0\opentelemetry-sdk-1.24.0.jar;D:\Project\Maven\io\opentelemetry\opentelemetry-semconv\1.24.0-alpha\opentelemetry-semconv-1.24.0-alpha.jar;D:\Project\Maven\io\ous\jtoml\2.0.0\jtoml-2.0.0.jar;D:\Project\Maven\net\bytebuddy\byte-buddy\1.14.2\byte-buddy-1.14.2.jar;D:\Project\Maven\org\apache\commons\commons-exec\1.3\commons-exec-1.3.jar;D:\Project\Maven\org\asynchttpclient\async-http-client\2.12.3\async-http-client-2.12.3.jar;D:\Project\Maven\org\asynchttpclient\async-http-client-netty-utils\2.12.3\async-http-client-netty-utils-2.12.3.jar;D:\Project\Maven\io\netty\netty-codec-socks\4.1.60.Final\netty-codec-socks-4.1.60.Final.jar;D:\Project\Maven\io\netty\netty-handler-proxy\4.1.60.Final\netty-handler-proxy-4.1.60.Final.jar;D:\Project\Maven\io\netty\netty-transport-native-epoll\4.1.60.Final\netty-transport-native-epoll-4.1.60.Final-linux-x86_64.jar;D:\Project\Maven\io\netty\netty-transport-native-kqueue\4.1.60.Final\netty-transport-native-kqueue-4.1.60.Final-osx-x86_64.jar;D:\Project\Maven\com\typesafe\netty\netty-reactive-streams\2.0.4\netty-reactive-streams-2.0.4.jar;D:\Project\Maven\com\sun\activation\jakarta.activation\1.2.2\jakarta.activation-1.2.2.jar;D:\Project\Maven\org\seleniumhq\selenium\selenium-safari-driver\4.8.3\selenium-safari-driver-4.8.3.jar;D:\Project\Maven\org\seleniumhq\selenium\selenium-support\4.8.3\selenium-support-4.8.3.jar;D:\Project\Maven\io\appium\java-client\8.3.0\java-client-8.3.0.jar;D:\Project\Maven\cglib\cglib\3.3.0\cglib-3.3.0.jar;D:\Project\Maven\org\ow2\asm\asm\7.1\asm-7.1.jar;D:\Project\Maven\commons-validator\commons-validator\1.7\commons-validator-1.7.jar;D:\Project\Maven\commons-digester\commons-digester\2.1\commons-digester-2.1.jar;D:\Project\Maven\commons-logging\commons-logging\1.2\commons-logging-1.2.jar;D:\Project\Maven\commons-collections\commons-collections\3.2.2\commons-collections-3.2.2.jar;D:\Project\Maven\org\apache\commons\commons-lang3\3.12.0\commons-lang3-3.12.0.jar;D:\Project\Maven\org\slf4j\slf4j-api\2.0.5\slf4j-api-2.0.5.jar;D:\Project\Maven\org\apache\poi\poi\5.2.3\poi-5.2.3.jar;D:\Project\Maven\commons-codec\commons-codec\1.15\commons-codec-1.15.jar;D:\Project\Maven\org\apache\commons\commons-collections4\4.4\commons-collections4-4.4.jar;D:\Project\Maven\org\apache\commons\commons-math3\3.6.1\commons-math3-3.6.1.jar;D:\Project\Maven\com\zaxxer\SparseBitSet\1.2\SparseBitSet-1.2.jar;D:\Project\Maven\org\apache\logging\log4j\log4j-api\2.18.0\log4j-api-2.18.0.jar;D:\Project\Maven\org\apache\poi\poi-ooxml\5.2.3\poi-ooxml-5.2.3.jar;D:\Project\Maven\org\apache\poi\poi-ooxml-lite\5.2.3\poi-ooxml-lite-5.2.3.jar;D:\Project\Maven\org\apache\xmlbeans\xmlbeans\5.1.1\xmlbeans-5.1.1.jar;D:\Project\Maven\org\apache\commons\commons-compress\1.21\commons-compress-1.21.jar;D:\Project\Maven\com\github\virtuald\curvesapi\1.07\curvesapi-1.07.jar;D:\Project\Maven\net\masterthought\cucumber-reporting\5.7.5\cucumber-reporting-5.7.5.jar;D:\Project\Maven\com\fasterxml\jackson\core\jackson-databind\2.13.2.2\jackson-databind-2.13.2.2.jar;D:\Project\Maven\com\fasterxml\jackson\core\jackson-annotations\2.13.2\jackson-annotations-2.13.2.jar;D:\Project\Maven\com\fasterxml\jackson\core\jackson-core\2.13.2\jackson-core-2.13.2.jar;D:\Project\Maven\com\fasterxml\jackson\datatype\jackson-datatype-jsr310\2.13.2\jackson-datatype-jsr310-2.13.2.jar;D:\Project\Maven\org\apache\velocity\velocity-engine-core\2.3\velocity-engine-core-2.3.jar;D:\Project\Maven\joda-time\joda-time\2.12.2\joda-time-2.12.2.jar;D:\Project\Maven\org\codehaus\plexus\plexus-utils\3.5.0\plexus-utils-3.5.0.jar;D:\Project\Maven\org\jsoup\jsoup\1.15.4\jsoup-1.15.4.jar;D:\Project\Maven\com\googlecode\owasp-java-html-sanitizer\owasp-java-html-sanitizer\20220608.1\owasp-java-html-sanitizer-20220608.1.jar;D:\Project\Maven\commons-configuration\commons-configuration\1.10\commons-configuration-1.10.jar;D:\Project\Maven\commons-lang\commons-lang\2.6\commons-lang-2.6.jar;D:\Project\Maven\com\opencsv\opencsv\5.7.1\opencsv-5.7.1.jar;D:\Project\Maven\org\apache\commons\commons-text\1.10.0\commons-text-1.10.0.jar;D:\Project\Maven\commons-beanutils\commons-beanutils\1.9.4\commons-beanutils-1.9.4.jar;D:\Project\Maven\io\rest-assured\json-schema-validator\5.3.0\json-schema-validator-5.3.0.jar;D:\Project\Maven\com\github\java-json-tools\json-schema-validator\2.2.14\json-schema-validator-2.2.14.jar;D:\Project\Maven\com\github\java-json-tools\jackson-coreutils-equivalence\1.0\jackson-coreutils-equivalence-1.0.jar;D:\Project\Maven\com\github\java-json-tools\jackson-coreutils\2.0\jackson-coreutils-2.0.jar;D:\Project\Maven\com\github\java-json-tools\msg-simple\1.2\msg-simple-1.2.jar;D:\Project\Maven\com\github\java-json-tools\btf\1.3\btf-1.3.jar;D:\Project\Maven\com\github\java-json-tools\json-schema-core\1.2.14\json-schema-core-1.2.14.jar;D:\Project\Maven\com\github\java-json-tools\uri-template\0.10\uri-template-0.10.jar;D:\Project\Maven\org\mozilla\rhino\1.7.7.2\rhino-1.7.7.2.jar;D:\Project\Maven\com\sun\mail\mailapi\1.6.2\mailapi-1.6.2.jar;D:\Project\Maven\com\googlecode\libphonenumber\libphonenumber\8.11.1\libphonenumber-8.11.1.jar;D:\Project\Maven\net\sf\jopt-simple\jopt-simple\5.0.4\jopt-simple-5.0.4.jar;D:\Project\Maven\org\hamcrest\hamcrest\2.1\hamcrest-2.1.jar;D:\Project\Maven\org\testng\testng\7.7.1\testng-7.7.1.jar;D:\Project\Maven\com\beust\jcommander\1.82\jcommander-1.82.jar;D:\Project\Maven\org\webjars\jquery\3.6.1\jquery-3.6.1.jar;D:\Project\Maven\io\cucumber\cucumber-java\7.11.2\cucumber-java-7.11.2.jar;D:\Project\Maven\io\cucumber\cucumber-core\7.11.2\cucumber-core-7.11.2.jar;D:\Project\Maven\io\cucumber\cucumber-gherkin\7.11.2\cucumber-gherkin-7.11.2.jar;D:\Project\Maven\io\cucumber\cucumber-gherkin-messages\7.11.2\cucumber-gherkin-messages-7.11.2.jar;D:\Project\Maven\io\cucumber\gherkin\26.0.3\gherkin-26.0.3.jar;D:\Project\Maven\io\cucumber\messages\21.0.1\messages-21.0.1.jar;D:\Project\Maven\io\cucumber\tag-expressions\5.0.1\tag-expressions-5.0.1.jar;D:\Project\Maven\io\cucumber\cucumber-expressions\16.1.2\cucumber-expressions-16.1.2.jar;D:\Project\Maven\io\cucumber\datatable\7.11.2\datatable-7.11.2.jar;D:\Project\Maven\io\cucumber\docstring\7.11.2\docstring-7.11.2.jar;D:\Project\Maven\io\cucumber\html-formatter\20.2.1\html-formatter-20.2.1.jar;D:\Project\Maven\io\cucumber\junit-xml-formatter\0.1.0\junit-xml-formatter-0.1.0.jar;D:\Project\Maven\io\cucumber\ci-environment\9.1.0\ci-environment-9.1.0.jar;D:\Project\Maven\io\cucumber\cucumber-testng\7.11.2\cucumber-testng-7.11.2.jar;D:\Project\Maven\io\cucumber\cucumber-picocontainer\7.11.2\cucumber-picocontainer-7.11.2.jar;D:\Project\Maven\org\picocontainer\picocontainer\2.15\picocontainer-2.15.jar;D:\Project\Maven\io\cucumber\cucumber-plugin\7.11.2\cucumber-plugin-7.11.2.jar;D:\Project\Maven\org\aspectj\aspectjweaver\1.9.19\aspectjweaver-1.9.19.jar;D:\Project\Maven\com\google\code\gson\gson\2.10.1\gson-2.10.1.jar;D:\Project\Maven\com\google\inject\guice\5.1.0\guice-5.1.0.jar;D:\Project\Maven\javax\inject\javax.inject\1\javax.inject-1.jar;D:\Project\Maven\aopalliance\aopalliance\1.0\aopalliance-1.0.jar;D:\Project\Maven\commons-io\commons-io\2.11.0\commons-io-2.11.0.jar;D:\Project\Maven\tech\grasshopper\extentreports-cucumber7-adapter\1.10.1\extentreports-cucumber7-adapter-1.10.1.jar;D:\Project\Maven\tech\grasshopper\extent-pdf-report\2.9.1\extent-pdf-report-2.9.1.jar;D:\Project\Maven\tech\grasshopper\cucumber-pdf-report\2.11.1\cucumber-pdf-report-2.11.1.jar;D:\Project\Maven\org\apache\pdfbox\pdfbox\2.0.26\pdfbox-2.0.26.jar;D:\Project\Maven\org\apache\pdfbox\fontbox\2.0.26\fontbox-2.0.26.jar;D:\Project\Maven\org\knowm\xchart\xchart\3.8.0\xchart-3.8.0.jar;D:\Project\Maven\de\erichseifert\vectorgraphics2d\VectorGraphics2D\0.13\VectorGraphics2D-0.13.jar;D:\Project\Maven\de\rototor\pdfbox\graphics2d\0.30\graphics2d-0.30.jar;D:\Project\Maven\com\madgag\animated-gif-lib\1.4\animated-gif-lib-1.4.jar;D:\Project\Maven\org\yaml\snakeyaml\1.28\snakeyaml-1.28.jar;D:\Project\Maven\tech\grasshopper\table-layout\1.5.1\table-layout-1.5.1.jar;D:\Project\Maven\tech\grasshopper\rest-assured-cucumber-pdf-report\1.4.1\rest-assured-cucumber-pdf-report-1.4.1.jar;D:\Project\Maven\com\aventstack\klov-reporter\5.0.9\klov-reporter-5.0.9.jar;D:\Project\Maven\org\mongodb\mongodb-driver\3.6.4\mongodb-driver-3.6.4.jar;D:\Project\Maven\org\mongodb\mongodb-driver-core\3.6.4\mongodb-driver-core-3.6.4.jar;D:\Project\Maven\org\mongodb\bson\3.6.4\bson-3.6.4.jar;D:\Project\Maven\tech\grasshopper\htmlextentreporter\1.0.1\htmlextentreporter-1.0.1.jar;D:\Project\Maven\tech\grasshopper\extent-excel-report\1.3.0\extent-excel-report-1.3.0.jar;D:\Project\Maven\com\aventstack\extentreports\5.0.9\extentreports-5.0.9.jar;D:\Project\Maven\io\reactivex\rxjava3\rxjava\3.0.4\rxjava-3.0.4.jar;D:\Project\Maven\org\reactivestreams\reactive-streams\1.0.3\reactive-streams-1.0.3.jar;D:\Project\Maven\org\freemarker\freemarker\2.3.30\freemarker-2.3.30.jar;D:\Project\Maven\org\projectlombok\lombok\1.18.26\lombok-1.18.26.jar;D:\Project\Maven\io\rest-assured\rest-assured\5.3.0\rest-assured-5.3.0.jar;D:\Project\Maven\org\apache\groovy\groovy\4.0.6\groovy-4.0.6.jar;D:\Project\Maven\org\apache\groovy\groovy-xml\4.0.6\groovy-xml-4.0.6.jar;D:\Project\Maven\org\apache\httpcomponents\httpclient\4.5.13\httpclient-4.5.13.jar;D:\Project\Maven\org\apache\httpcomponents\httpcore\4.4.13\httpcore-4.4.13.jar;D:\Project\Maven\org\apache\httpcomponents\httpmime\4.5.13\httpmime-4.5.13.jar;D:\Project\Maven\org\ccil\cowan\tagsoup\tagsoup\1.2.1\tagsoup-1.2.1.jar;D:\Project\Maven\io\rest-assured\xml-path\5.3.0\xml-path-5.3.0.jar;D:\Project\Maven\io\rest-assured\json-path\5.3.0\json-path-5.3.0.jar;D:\Project\Maven\org\apache\groovy\groovy-json\4.0.6\groovy-json-4.0.6.jar;D:\Project\Maven\io\rest-assured\rest-assured-common\5.3.0\rest-assured-common-5.3.0.jar;D:\Project\Maven\ch\qos\logback\logback-classic\1.4.7\logback-classic-1.4.7.jar;D:\Project\Maven\ch\qos\logback\logback-core\1.4.7\logback-core-1.4.7.jar;"/>
    <property name="java.vm.vendor" value="Eclipse Adoptium"/>
    <property name="sun.arch.data.model" value="64"/>
    <property name="user.variant" value=""/>
    <property name="java.vendor.url" value="https://adoptium.net/"/>
    <property name="user.timezone" value="Asia/Calcutta"/>
    <property name="os.name" value="Windows 10"/>
    <property name="java.vm.specification.version" value="17"/>
    <property name="sun.java.launcher" value="SUN_STANDARD"/>
    <property name="user.country" value="US"/>
    <property name="sun.boot.library.path" value="D:\Users\Farhan.Shaikh\.p2\pool\plugins\org.eclipse.justj.openjdk.hotspot.jre.full.win32.x86_64_17.0.7.v20230425-1502\jre\bin"/>
    <property name="sun.java.command" value="D:\Users\Farhan.Shaikh\AppData\Local\Temp\surefire15456518620876474118\surefirebooter5241552264493337674.jar D:\Users\Farhan.Shaikh\AppData\Local\Temp\surefire15456518620876474118 2023-05-22T15-35-54_104-jvmRun1 surefire17645364992784132969tmp surefire_016650789226613457268tmp"/>
    <property name="jdk.debug" value="release"/>
    <property name="test" value="TestRunner"/>
    <property name="surefire.test.class.path" value="D:\Project\EJADA_FARHAN\target\test-classes;D:\Project\EJADA_FARHAN\target\classes;D:\Project\Maven\com\google\guava\guava\31.1-jre\guava-31.1-jre.jar;D:\Project\Maven\com\google\guava\failureaccess\1.0.1\failureaccess-1.0.1.jar;D:\Project\Maven\com\google\guava\listenablefuture\9999.0-empty-to-avoid-conflict-with-guava\listenablefuture-9999.0-empty-to-avoid-conflict-with-guava.jar;D:\Project\Maven\com\google\code\findbugs\jsr305\3.0.2\jsr305-3.0.2.jar;D:\Project\Maven\org\checkerframework\checker-qual\3.12.0\checker-qual-3.12.0.jar;D:\Project\Maven\com\google\errorprone\error_prone_annotations\2.11.0\error_prone_annotations-2.11.0.jar;D:\Project\Maven\com\google\j2objc\j2objc-annotations\1.3\j2objc-annotations-1.3.jar;D:\Project\Maven\org\junit\jupiter\junit-jupiter-api\5.9.2\junit-jupiter-api-5.9.2.jar;D:\Project\Maven\org\opentest4j\opentest4j\1.2.0\opentest4j-1.2.0.jar;D:\Project\Maven\org\junit\platform\junit-platform-commons\1.9.2\junit-platform-commons-1.9.2.jar;D:\Project\Maven\org\apiguardian\apiguardian-api\1.1.2\apiguardian-api-1.1.2.jar;D:\Project\Maven\org\seleniumhq\selenium\selenium-java\4.8.3\selenium-java-4.8.3.jar;D:\Project\Maven\org\seleniumhq\selenium\selenium-api\4.8.3\selenium-api-4.8.3.jar;D:\Project\Maven\org\seleniumhq\selenium\selenium-chrome-driver\4.8.3\selenium-chrome-driver-4.8.3.jar;D:\Project\Maven\com\google\auto\service\auto-service-annotations\1.0.1\auto-service-annotations-1.0.1.jar;D:\Project\Maven\com\google\auto\service\auto-service\1.0.1\auto-service-1.0.1.jar;D:\Project\Maven\com\google\auto\auto-common\1.2\auto-common-1.2.jar;D:\Project\Maven\org\seleniumhq\selenium\selenium-chromium-driver\4.8.3\selenium-chromium-driver-4.8.3.jar;D:\Project\Maven\org\seleniumhq\selenium\selenium-json\4.8.3\selenium-json-4.8.3.jar;D:\Project\Maven\org\seleniumhq\selenium\selenium-manager\4.8.3\selenium-manager-4.8.3.jar;D:\Project\Maven\org\seleniumhq\selenium\selenium-devtools-v109\4.8.3\selenium-devtools-v109-4.8.3.jar;D:\Project\Maven\org\seleniumhq\selenium\selenium-devtools-v110\4.8.3\selenium-devtools-v110-4.8.3.jar;D:\Project\Maven\org\seleniumhq\selenium\selenium-devtools-v111\4.8.3\selenium-devtools-v111-4.8.3.jar;D:\Project\Maven\org\seleniumhq\selenium\selenium-devtools-v85\4.8.3\selenium-devtools-v85-4.8.3.jar;D:\Project\Maven\org\seleniumhq\selenium\selenium-edge-driver\4.8.3\selenium-edge-driver-4.8.3.jar;D:\Project\Maven\org\seleniumhq\selenium\selenium-firefox-driver\4.8.3\selenium-firefox-driver-4.8.3.jar;D:\Project\Maven\org\seleniumhq\selenium\selenium-http\4.8.3\selenium-http-4.8.3.jar;D:\Project\Maven\dev\failsafe\failsafe\3.3.1\failsafe-3.3.1.jar;D:\Project\Maven\org\seleniumhq\selenium\selenium-ie-driver\4.8.3\selenium-ie-driver-4.8.3.jar;D:\Project\Maven\org\seleniumhq\selenium\selenium-remote-driver\4.8.3\selenium-remote-driver-4.8.3.jar;D:\Project\Maven\io\netty\netty-buffer\4.1.90.Final\netty-buffer-4.1.90.Final.jar;D:\Project\Maven\io\netty\netty-codec-http\4.1.90.Final\netty-codec-http-4.1.90.Final.jar;D:\Project\Maven\io\netty\netty-codec\4.1.90.Final\netty-codec-4.1.90.Final.jar;D:\Project\Maven\io\netty\netty-handler\4.1.90.Final\netty-handler-4.1.90.Final.jar;D:\Project\Maven\io\netty\netty-common\4.1.90.Final\netty-common-4.1.90.Final.jar;D:\Project\Maven\io\netty\netty-transport-classes-epoll\4.1.90.Final\netty-transport-classes-epoll-4.1.90.Final.jar;D:\Project\Maven\io\netty\netty-transport-classes-kqueue\4.1.90.Final\netty-transport-classes-kqueue-4.1.90.Final.jar;D:\Project\Maven\io\netty\netty-transport-native-epoll\4.1.90.Final\netty-transport-native-epoll-4.1.90.Final.jar;D:\Project\Maven\io\netty\netty-transport-native-kqueue\4.1.90.Final\netty-transport-native-kqueue-4.1.90.Final.jar;D:\Project\Maven\io\netty\netty-transport-native-unix-common\4.1.90.Final\netty-transport-native-unix-common-4.1.90.Final.jar;D:\Project\Maven\io\netty\netty-transport\4.1.90.Final\netty-transport-4.1.90.Final.jar;D:\Project\Maven\io\netty\netty-resolver\4.1.90.Final\netty-resolver-4.1.90.Final.jar;D:\Project\Maven\io\opentelemetry\opentelemetry-api\1.24.0\opentelemetry-api-1.24.0.jar;D:\Project\Maven\io\opentelemetry\opentelemetry-context\1.24.0\opentelemetry-context-1.24.0.jar;D:\Project\Maven\io\opentelemetry\opentelemetry-exporter-logging\1.24.0\opentelemetry-exporter-logging-1.24.0.jar;D:\Project\Maven\io\opentelemetry\opentelemetry-sdk-metrics\1.24.0\opentelemetry-sdk-metrics-1.24.0.jar;D:\Project\Maven\io\opentelemetry\opentelemetry-sdk-logs\1.24.0-alpha\opentelemetry-sdk-logs-1.24.0-alpha.jar;D:\Project\Maven\io\opentelemetry\opentelemetry-api-logs\1.24.0-alpha\opentelemetry-api-logs-1.24.0-alpha.jar;D:\Project\Maven\io\opentelemetry\opentelemetry-api-events\1.24.0-alpha\opentelemetry-api-events-1.24.0-alpha.jar;D:\Project\Maven\io\opentelemetry\opentelemetry-sdk-common\1.24.0\opentelemetry-sdk-common-1.24.0.jar;D:\Project\Maven\io\opentelemetry\opentelemetry-sdk-extension-autoconfigure-spi\1.24.0\opentelemetry-sdk-extension-autoconfigure-spi-1.24.0.jar;D:\Project\Maven\io\opentelemetry\opentelemetry-sdk-extension-autoconfigure\1.24.0-alpha\opentelemetry-sdk-extension-autoconfigure-1.24.0-alpha.jar;D:\Project\Maven\io\opentelemetry\opentelemetry-sdk-trace\1.24.0\opentelemetry-sdk-trace-1.24.0.jar;D:\Project\Maven\io\opentelemetry\opentelemetry-sdk\1.24.0\opentelemetry-sdk-1.24.0.jar;D:\Project\Maven\io\opentelemetry\opentelemetry-semconv\1.24.0-alpha\opentelemetry-semconv-1.24.0-alpha.jar;D:\Project\Maven\io\ous\jtoml\2.0.0\jtoml-2.0.0.jar;D:\Project\Maven\net\bytebuddy\byte-buddy\1.14.2\byte-buddy-1.14.2.jar;D:\Project\Maven\org\apache\commons\commons-exec\1.3\commons-exec-1.3.jar;D:\Project\Maven\org\asynchttpclient\async-http-client\2.12.3\async-http-client-2.12.3.jar;D:\Project\Maven\org\asynchttpclient\async-http-client-netty-utils\2.12.3\async-http-client-netty-utils-2.12.3.jar;D:\Project\Maven\io\netty\netty-codec-socks\4.1.60.Final\netty-codec-socks-4.1.60.Final.jar;D:\Project\Maven\io\netty\netty-handler-proxy\4.1.60.Final\netty-handler-proxy-4.1.60.Final.jar;D:\Project\Maven\io\netty\netty-transport-native-epoll\4.1.60.Final\netty-transport-native-epoll-4.1.60.Final-linux-x86_64.jar;D:\Project\Maven\io\netty\netty-transport-native-kqueue\4.1.60.Final\netty-transport-native-kqueue-4.1.60.Final-osx-x86_64.jar;D:\Project\Maven\com\typesafe\netty\netty-reactive-streams\2.0.4\netty-reactive-streams-2.0.4.jar;D:\Project\Maven\com\sun\activation\jakarta.activation\1.2.2\jakarta.activation-1.2.2.jar;D:\Project\Maven\org\seleniumhq\selenium\selenium-safari-driver\4.8.3\selenium-safari-driver-4.8.3.jar;D:\Project\Maven\org\seleniumhq\selenium\selenium-support\4.8.3\selenium-support-4.8.3.jar;D:\Project\Maven\io\appium\java-client\8.3.0\java-client-8.3.0.jar;D:\Project\Maven\cglib\cglib\3.3.0\cglib-3.3.0.jar;D:\Project\Maven\org\ow2\asm\asm\7.1\asm-7.1.jar;D:\Project\Maven\commons-validator\commons-validator\1.7\commons-validator-1.7.jar;D:\Project\Maven\commons-digester\commons-digester\2.1\commons-digester-2.1.jar;D:\Project\Maven\commons-logging\commons-logging\1.2\commons-logging-1.2.jar;D:\Project\Maven\commons-collections\commons-collections\3.2.2\commons-collections-3.2.2.jar;D:\Project\Maven\org\apache\commons\commons-lang3\3.12.0\commons-lang3-3.12.0.jar;D:\Project\Maven\org\slf4j\slf4j-api\2.0.5\slf4j-api-2.0.5.jar;D:\Project\Maven\org\apache\poi\poi\5.2.3\poi-5.2.3.jar;D:\Project\Maven\commons-codec\commons-codec\1.15\commons-codec-1.15.jar;D:\Project\Maven\org\apache\commons\commons-collections4\4.4\commons-collections4-4.4.jar;D:\Project\Maven\org\apache\commons\commons-math3\3.6.1\commons-math3-3.6.1.jar;D:\Project\Maven\com\zaxxer\SparseBitSet\1.2\SparseBitSet-1.2.jar;D:\Project\Maven\org\apache\logging\log4j\log4j-api\2.18.0\log4j-api-2.18.0.jar;D:\Project\Maven\org\apache\poi\poi-ooxml\5.2.3\poi-ooxml-5.2.3.jar;D:\Project\Maven\org\apache\poi\poi-ooxml-lite\5.2.3\poi-ooxml-lite-5.2.3.jar;D:\Project\Maven\org\apache\xmlbeans\xmlbeans\5.1.1\xmlbeans-5.1.1.jar;D:\Project\Maven\org\apache\commons\commons-compress\1.21\commons-compress-1.21.jar;D:\Project\Maven\com\github\virtuald\curvesapi\1.07\curvesapi-1.07.jar;D:\Project\Maven\net\masterthought\cucumber-reporting\5.7.5\cucumber-reporting-5.7.5.jar;D:\Project\Maven\com\fasterxml\jackson\core\jackson-databind\2.13.2.2\jackson-databind-2.13.2.2.jar;D:\Project\Maven\com\fasterxml\jackson\core\jackson-annotations\2.13.2\jackson-annotations-2.13.2.jar;D:\Project\Maven\com\fasterxml\jackson\core\jackson-core\2.13.2\jackson-core-2.13.2.jar;D:\Project\Maven\com\fasterxml\jackson\datatype\jackson-datatype-jsr310\2.13.2\jackson-datatype-jsr310-2.13.2.jar;D:\Project\Maven\org\apache\velocity\velocity-engine-core\2.3\velocity-engine-core-2.3.jar;D:\Project\Maven\joda-time\joda-time\2.12.2\joda-time-2.12.2.jar;D:\Project\Maven\org\codehaus\plexus\plexus-utils\3.5.0\plexus-utils-3.5.0.jar;D:\Project\Maven\org\jsoup\jsoup\1.15.4\jsoup-1.15.4.jar;D:\Project\Maven\com\googlecode\owasp-java-html-sanitizer\owasp-java-html-sanitizer\20220608.1\owasp-java-html-sanitizer-20220608.1.jar;D:\Project\Maven\commons-configuration\commons-configuration\1.10\commons-configuration-1.10.jar;D:\Project\Maven\commons-lang\commons-lang\2.6\commons-lang-2.6.jar;D:\Project\Maven\com\opencsv\opencsv\5.7.1\opencsv-5.7.1.jar;D:\Project\Maven\org\apache\commons\commons-text\1.10.0\commons-text-1.10.0.jar;D:\Project\Maven\commons-beanutils\commons-beanutils\1.9.4\commons-beanutils-1.9.4.jar;D:\Project\Maven\io\rest-assured\json-schema-validator\5.3.0\json-schema-validator-5.3.0.jar;D:\Project\Maven\com\github\java-json-tools\json-schema-validator\2.2.14\json-schema-validator-2.2.14.jar;D:\Project\Maven\com\github\java-json-tools\jackson-coreutils-equivalence\1.0\jackson-coreutils-equivalence-1.0.jar;D:\Project\Maven\com\github\java-json-tools\jackson-coreutils\2.0\jackson-coreutils-2.0.jar;D:\Project\Maven\com\github\java-json-tools\msg-simple\1.2\msg-simple-1.2.jar;D:\Project\Maven\com\github\java-json-tools\btf\1.3\btf-1.3.jar;D:\Project\Maven\com\github\java-json-tools\json-schema-core\1.2.14\json-schema-core-1.2.14.jar;D:\Project\Maven\com\github\java-json-tools\uri-template\0.10\uri-template-0.10.jar;D:\Project\Maven\org\mozilla\rhino\1.7.7.2\rhino-1.7.7.2.jar;D:\Project\Maven\com\sun\mail\mailapi\1.6.2\mailapi-1.6.2.jar;D:\Project\Maven\com\googlecode\libphonenumber\libphonenumber\8.11.1\libphonenumber-8.11.1.jar;D:\Project\Maven\net\sf\jopt-simple\jopt-simple\5.0.4\jopt-simple-5.0.4.jar;D:\Project\Maven\org\hamcrest\hamcrest\2.1\hamcrest-2.1.jar;D:\Project\Maven\org\testng\testng\7.7.1\testng-7.7.1.jar;D:\Project\Maven\com\beust\jcommander\1.82\jcommander-1.82.jar;D:\Project\Maven\org\webjars\jquery\3.6.1\jquery-3.6.1.jar;D:\Project\Maven\io\cucumber\cucumber-java\7.11.2\cucumber-java-7.11.2.jar;D:\Project\Maven\io\cucumber\cucumber-core\7.11.2\cucumber-core-7.11.2.jar;D:\Project\Maven\io\cucumber\cucumber-gherkin\7.11.2\cucumber-gherkin-7.11.2.jar;D:\Project\Maven\io\cucumber\cucumber-gherkin-messages\7.11.2\cucumber-gherkin-messages-7.11.2.jar;D:\Project\Maven\io\cucumber\gherkin\26.0.3\gherkin-26.0.3.jar;D:\Project\Maven\io\cucumber\messages\21.0.1\messages-21.0.1.jar;D:\Project\Maven\io\cucumber\tag-expressions\5.0.1\tag-expressions-5.0.1.jar;D:\Project\Maven\io\cucumber\cucumber-expressions\16.1.2\cucumber-expressions-16.1.2.jar;D:\Project\Maven\io\cucumber\datatable\7.11.2\datatable-7.11.2.jar;D:\Project\Maven\io\cucumber\docstring\7.11.2\docstring-7.11.2.jar;D:\Project\Maven\io\cucumber\html-formatter\20.2.1\html-formatter-20.2.1.jar;D:\Project\Maven\io\cucumber\junit-xml-formatter\0.1.0\junit-xml-formatter-0.1.0.jar;D:\Project\Maven\io\cucumber\ci-environment\9.1.0\ci-environment-9.1.0.jar;D:\Project\Maven\io\cucumber\cucumber-testng\7.11.2\cucumber-testng-7.11.2.jar;D:\Project\Maven\io\cucumber\cucumber-picocontainer\7.11.2\cucumber-picocontainer-7.11.2.jar;D:\Project\Maven\org\picocontainer\picocontainer\2.15\picocontainer-2.15.jar;D:\Project\Maven\io\cucumber\cucumber-plugin\7.11.2\cucumber-plugin-7.11.2.jar;D:\Project\Maven\org\aspectj\aspectjweaver\1.9.19\aspectjweaver-1.9.19.jar;D:\Project\Maven\com\google\code\gson\gson\2.10.1\gson-2.10.1.jar;D:\Project\Maven\com\google\inject\guice\5.1.0\guice-5.1.0.jar;D:\Project\Maven\javax\inject\javax.inject\1\javax.inject-1.jar;D:\Project\Maven\aopalliance\aopalliance\1.0\aopalliance-1.0.jar;D:\Project\Maven\commons-io\commons-io\2.11.0\commons-io-2.11.0.jar;D:\Project\Maven\tech\grasshopper\extentreports-cucumber7-adapter\1.10.1\extentreports-cucumber7-adapter-1.10.1.jar;D:\Project\Maven\tech\grasshopper\extent-pdf-report\2.9.1\extent-pdf-report-2.9.1.jar;D:\Project\Maven\tech\grasshopper\cucumber-pdf-report\2.11.1\cucumber-pdf-report-2.11.1.jar;D:\Project\Maven\org\apache\pdfbox\pdfbox\2.0.26\pdfbox-2.0.26.jar;D:\Project\Maven\org\apache\pdfbox\fontbox\2.0.26\fontbox-2.0.26.jar;D:\Project\Maven\org\knowm\xchart\xchart\3.8.0\xchart-3.8.0.jar;D:\Project\Maven\de\erichseifert\vectorgraphics2d\VectorGraphics2D\0.13\VectorGraphics2D-0.13.jar;D:\Project\Maven\de\rototor\pdfbox\graphics2d\0.30\graphics2d-0.30.jar;D:\Project\Maven\com\madgag\animated-gif-lib\1.4\animated-gif-lib-1.4.jar;D:\Project\Maven\org\yaml\snakeyaml\1.28\snakeyaml-1.28.jar;D:\Project\Maven\tech\grasshopper\table-layout\1.5.1\table-layout-1.5.1.jar;D:\Project\Maven\tech\grasshopper\rest-assured-cucumber-pdf-report\1.4.1\rest-assured-cucumber-pdf-report-1.4.1.jar;D:\Project\Maven\com\aventstack\klov-reporter\5.0.9\klov-reporter-5.0.9.jar;D:\Project\Maven\org\mongodb\mongodb-driver\3.6.4\mongodb-driver-3.6.4.jar;D:\Project\Maven\org\mongodb\mongodb-driver-core\3.6.4\mongodb-driver-core-3.6.4.jar;D:\Project\Maven\org\mongodb\bson\3.6.4\bson-3.6.4.jar;D:\Project\Maven\tech\grasshopper\htmlextentreporter\1.0.1\htmlextentreporter-1.0.1.jar;D:\Project\Maven\tech\grasshopper\extent-excel-report\1.3.0\extent-excel-report-1.3.0.jar;D:\Project\Maven\com\aventstack\extentreports\5.0.9\extentreports-5.0.9.jar;D:\Project\Maven\io\reactivex\rxjava3\rxjava\3.0.4\rxjava-3.0.4.jar;D:\Project\Maven\org\reactivestreams\reactive-streams\1.0.3\reactive-streams-1.0.3.jar;D:\Project\Maven\org\freemarker\freemarker\2.3.30\freemarker-2.3.30.jar;D:\Project\Maven\org\projectlombok\lombok\1.18.26\lombok-1.18.26.jar;D:\Project\Maven\io\rest-assured\rest-assured\5.3.0\rest-assured-5.3.0.jar;D:\Project\Maven\org\apache\groovy\groovy\4.0.6\groovy-4.0.6.jar;D:\Project\Maven\org\apache\groovy\groovy-xml\4.0.6\groovy-xml-4.0.6.jar;D:\Project\Maven\org\apache\httpcomponents\httpclient\4.5.13\httpclient-4.5.13.jar;D:\Project\Maven\org\apache\httpcomponents\httpcore\4.4.13\httpcore-4.4.13.jar;D:\Project\Maven\org\apache\httpcomponents\httpmime\4.5.13\httpmime-4.5.13.jar;D:\Project\Maven\org\ccil\cowan\tagsoup\tagsoup\1.2.1\tagsoup-1.2.1.jar;D:\Project\Maven\io\rest-assured\xml-path\5.3.0\xml-path-5.3.0.jar;D:\Project\Maven\io\rest-assured\json-path\5.3.0\json-path-5.3.0.jar;D:\Project\Maven\org\apache\groovy\groovy-json\4.0.6\groovy-json-4.0.6.jar;D:\Project\Maven\io\rest-assured\rest-assured-common\5.3.0\rest-assured-common-5.3.0.jar;D:\Project\Maven\ch\qos\logback\logback-classic\1.4.7\logback-classic-1.4.7.jar;D:\Project\Maven\ch\qos\logback\logback-core\1.4.7\logback-core-1.4.7.jar;"/>
    <property name="sun.cpu.endian" value="little"/>
    <property name="user.home" value="D:\Users\Farhan.Shaikh"/>
    <property name="user.language" value="en"/>
    <property name="java.specification.vendor" value="Oracle Corporation"/>
    <property name="java.version.date" value="2023-04-18"/>
    <property name="java.home" value="D:\Users\Farhan.Shaikh\.p2\pool\plugins\org.eclipse.justj.openjdk.hotspot.jre.full.win32.x86_64_17.0.7.v20230425-1502\jre"/>
    <property name="file.separator" value="\"/>
    <property name="style.color" value="always"/>
    <property name="basedir" value="D:\Project\EJADA_FARHAN"/>
    <property name="java.vm.compressedOopsMode" value="32-bit"/>
    <property name="line.separator" value="&#10;"/>
    <property name="java.vm.specification.vendor" value="Oracle Corporation"/>
    <property name="java.specification.name" value="Java Platform API Specification"/>
    <property name="surefire.real.class.path" value="D:\Users\Farhan.Shaikh\AppData\Local\Temp\surefire15456518620876474118\surefirebooter5241552264493337674.jar"/>
    <property name="user.script" value=""/>
    <property name="sun.management.compiler" value="HotSpot 64-Bit Tiered Compilers"/>
    <property name="java.runtime.version" value="17.0.7+7"/>
    <property name="user.name" value="Farhan.Shaikh"/>
    <property name="path.separator" value=";"/>
    <property name="os.version" value="10.0"/>
    <property name="java.runtime.name" value="OpenJDK Runtime Environment"/>
    <property name="file.encoding" value="Cp1252"/>
    <property name="java.vm.name" value="OpenJDK 64-Bit Server VM"/>
    <property name="java.vendor.version" value="Temurin-17.0.7+7"/>
    <property name="localRepository" value="D:\Project\Maven"/>
    <property name="java.vendor.url.bug" value="https://github.com/adoptium/adoptium-support/issues"/>
    <property name="java.io.tmpdir" value="D:\Users\Farhan.Shaikh\AppData\Local\Temp\"/>
    <property name="java.version" value="17.0.7"/>
    <property name="user.dir" value="D:\Project\EJADA_FARHAN"/>
    <property name="os.arch" value="amd64"/>
    <property name="java.vm.specification.name" value="Java Virtual Machine Specification"/>
    <property name="sun.os.patch.level" value=""/>
    <property name="native.encoding" value="Cp1252"/>
    <property name="java.library.path" value="D:\Users\Farhan.Shaikh\.p2\pool\plugins\org.eclipse.justj.openjdk.hotspot.jre.full.win32.x86_64_17.0.7.v20230425-1502\jre\bin;C:\Windows\Sun\Java\bin;C:\Windows\system32;C:\Windows;D:/Users/Farhan.Shaikh/.p2/pool/plugins/org.eclipse.justj.openjdk.hotspot.jre.full.win32.x86_64_17.0.7.v20230425-1502/jre/bin/server;D:/Users/Farhan.Shaikh/.p2/pool/plugins/org.eclipse.justj.openjdk.hotspot.jre.full.win32.x86_64_17.0.7.v20230425-1502/jre/bin;C:\Program Files\Common Files\Oracle\Java\javapath;C:\Windows\system32;C:\Windows;C:\Windows\System32\Wbem;C:\Windows\System32\WindowsPowerShell\v1.0\;C:\Windows\System32\OpenSSH\;C:\Program Files (x86)\dotnet\;C:\Program Files\dotnet\;C:\Program Files (x86)\Micro Focus\UFT One\bin;D:\Users\Farhan.Shaikh\AppData\Local\Microsoft\WindowsApps;;C:\Windows\System32;;."/>
    <property name="java.vm.info" value="mixed mode"/>
    <property name="java.vendor" value="Eclipse Adoptium"/>
    <property name="java.vm.version" value="17.0.7+7"/>
    <property name="sun.io.unicode.encoding" value="UnicodeLittle"/>
    <property name="java.class.version" value="61.0"/>
  </properties>
  <testcase name="runScenario" classname="TestLauncher.TestRunner" time="58.184"/>
</testsuite>