<?xml version="1.0" encoding="UTF-8"?>
<!-- Generated by org.testng.reporters.JUnitReportReporter -->
<testsuite hostname="AQMIT-DSK-10290" failures="0" tests="2" name="TestLauncher.TestRunner" time="547.868" errors="0" timestamp="2023-05-25T12:29:24 IST" skipped="0">
  <testcase classname="TestLauncher.TestRunner" name="runScenario" time="361.287"/>
  <system-out/>
  <testcase classname="TestLauncher.TestRunner" name="runScenario" time="186.581"/>
  <system-out/>
</testsuite> <!-- TestLauncher.TestRunner -->
