<?xml version="1.0" encoding="UTF-8"?>
<!-- Generated by org.testng.reporters.JUnitReportReporter -->
<testsuite hostname="AQMITLPT-11202" failures="0" tests="1" name="TestLauncher.TestRunner" time="58.181" errors="0" timestamp="2023-05-22T15:36:55 IST" skipped="0">
  <testcase classname="TestLauncher.TestRunner" name="runScenario" time="58.181"/>
  <system-out/>
</testsuite> <!-- TestLauncher.TestRunner -->
